Start program: 2022-01-05 21:50:43 
ArrayList 
add, ID=0, 234 
add, ID=1, 239 
add, ID=2, 250 
add, ID=3, 256 
add, ID=4, 237 
add, ID=5, 245 
add, ID=6, 244 
add, ID=7, 273 
add, ID=8, 216 
add, ID=9, 215 
add, ID=10, 219 
add, ID=11, 226 
add, ID=12, 221 
add, ID=13, 232 
add, ID=14, 225 
add, ID=15, 210 
add, ID=16, 215 
add, ID=17, 223 
add, ID=18, 229 
add, ID=19, 213 
add, ID=20, 227 
add, ID=21, 215 
add, ID=22, 203 
add, ID=23, 303 
add, ID=24, 244 
add, ID=25, 259 
add, ID=26, 215 
add, ID=27, 217 
add, ID=28, 209 
add, ID=29, 241 
add, ID=30, 229 
add, ID=31, 208 
add, ID=32, 224 
add, ID=33, 241 
add, ID=34, 205 
add, ID=35, 694 
add, ID=36, 341 
add, ID=37, 281 
add, ID=38, 255 
add, ID=39, 399 
add, ID=40, 232 
add, ID=41, 230 
add, ID=42, 240 
add, ID=43, 199 
add, ID=44, 444 
add, ID=45, 314 
add, ID=46, 236 
add, ID=47, 216 
add, ID=48, 249 
add, ID=49, 210 
add, ID=50, 233 
add, ID=51, 223 
add, ID=52, 254 
add, ID=53, 245 
add, ID=54, 214 
add, ID=55, 215 
add, ID=56, 189 
add, ID=57, 209 
add, ID=58, 205 
add, ID=59, 189 
add, ID=60, 199 
add, ID=61, 214 
add, ID=62, 235 
add, ID=63, 240 
add, ID=64, 246 
add, ID=65, 221 
add, ID=66, 222 
add, ID=67, 214 
add, ID=68, 208 
add, ID=69, 234 
add, ID=70, 294 
add, ID=71, 238 
add, ID=72, 208 
add, ID=73, 283 
add, ID=74, 238 
add, ID=75, 274 
add, ID=76, 235 
add, ID=77, 248 
add, ID=78, 249 
add, ID=79, 234 
add, ID=80, 243 
add, ID=81, 258 
add, ID=82, 239 
add, ID=83, 231 
add, ID=84, 251 
add, ID=85, 228 
add, ID=86, 232 
add, ID=87, 228 
add, ID=88, 215 
add, ID=89, 193 
add, ID=90, 213 
add, ID=91, 242 
add, ID=92, 320 
add, ID=93, 221 
add, ID=94, 242 
add, ID=95, 196 
add, ID=96, 188 
add, ID=97, 219 
add, ID=98, 189 
add, ID=99, 237 
add, ID=100, 216 
add, ID=101, 226 
add, ID=102, 225 
add, ID=103, 229 
add, ID=104, 649 
add, ID=105, 276 
add, ID=106, 272 
add, ID=107, 246 
add, ID=108, 254 
add, ID=109, 253 
add, ID=110, 256 
add, ID=111, 302 
add, ID=112, 327 
add, ID=113, 319 
add, ID=114, 262 
add, ID=115, 263 
add, ID=116, 250 
add, ID=117, 235 
add, ID=118, 234 
add, ID=119, 224 
add, ID=120, 207 
add, ID=121, 231 
add, ID=122, 222 
add, ID=123, 363 
add, ID=124, 284 
add, ID=125, 268 
add, ID=126, 240 
add, ID=127, 227 
add, ID=128, 244 
add, ID=129, 221 
add, ID=130, 233 
add, ID=131, 262 
add, ID=132, 230 
add, ID=133, 213 
add, ID=134, 228 
add, ID=135, 278 
add, ID=136, 255 
add, ID=137, 244 
add, ID=138, 233 
add, ID=139, 229 
add, ID=140, 210 
add, ID=141, 210 
add, ID=142, 336 
add, ID=143, 280 
add, ID=144, 286 
add, ID=145, 285 
add, ID=146, 296 
add, ID=147, 250 
add, ID=148, 259 
add, ID=149, 294 
add, ID=150, 295 
add, ID=151, 307 
add, ID=152, 292 
add, ID=153, 294 
add, ID=154, 281 
add, ID=155, 283 
add, ID=156, 276 
add, ID=157, 291 
add, ID=158, 286 
add, ID=159, 279 
add, ID=160, 297 
add, ID=161, 271 
add, ID=162, 277 
add, ID=163, 298 
add, ID=164, 307 
add, ID=165, 286 
add, ID=166, 263 
add, ID=167, 263 
add, ID=168, 237 
add, ID=169, 353 
add, ID=170, 302 
add, ID=171, 307 
add, ID=172, 293 
add, ID=173, 305 
add, ID=174, 289 
add, ID=175, 296 
add, ID=176, 328 
add, ID=177, 296 
add, ID=178, 287 
add, ID=179, 275 
add, ID=180, 306 
add, ID=181, 256 
add, ID=182, 323 
add, ID=183, 337 
add, ID=184, 326 
add, ID=185, 267 
add, ID=186, 290 
add, ID=187, 278 
add, ID=188, 287 
add, ID=189, 281 
add, ID=190, 308 
add, ID=191, 254 
add, ID=192, 254 
add, ID=193, 250 
add, ID=194, 289 
add, ID=195, 281 
add, ID=196, 261 
add, ID=197, 285 
add, ID=198, 269 
add, ID=199, 263 
add, ID=200, 269 
add, ID=201, 292 
add, ID=202, 285 
add, ID=203, 316 
add, ID=204, 264 
add, ID=205, 235 
add, ID=206, 252 
add, ID=207, 256 
add, ID=208, 266 
add, ID=209, 278 
add, ID=210, 282 
add, ID=211, 302 
add, ID=212, 259 
add, ID=213, 314 
add, ID=214, 300 
add, ID=215, 309 
add, ID=216, 316 
add, ID=217, 301 
add, ID=218, 291 
add, ID=219, 287 
add, ID=220, 278 
add, ID=221, 286 
add, ID=222, 277 
add, ID=223, 437 
add, ID=224, 299 
add, ID=225, 281 
add, ID=226, 306 
add, ID=227, 274 
add, ID=228, 268 
add, ID=229, 264 
add, ID=230, 316 
add, ID=231, 309 
add, ID=232, 285 
add, ID=233, 235 
add, ID=234, 260 
add, ID=235, 241 
add, ID=236, 251 
add, ID=237, 228 
add, ID=238, 232 
add, ID=239, 253 
add, ID=240, 230 
add, ID=241, 236 
add, ID=242, 219 
add, ID=243, 274 
add, ID=244, 247 
add, ID=245, 264 
add, ID=246, 263 
add, ID=247, 261 
add, ID=248, 228 
add, ID=249, 233 
add, ID=250, 257 
add, ID=251, 228 
add, ID=252, 253 
add, ID=253, 289 
add, ID=254, 244 
add, ID=255, 224 
add, ID=256, 226 
add, ID=257, 235 
add, ID=258, 225 
add, ID=259, 246 
add, ID=260, 245 
add, ID=261, 228 
add, ID=262, 226 
add, ID=263, 299 
add, ID=264, 240 
add, ID=265, 276 
add, ID=266, 255 
add, ID=267, 270 
add, ID=268, 277 
add, ID=269, 269 
add, ID=270, 303 
add, ID=271, 246 
add, ID=272, 252 
add, ID=273, 279 
add, ID=274, 270 
add, ID=275, 252 
add, ID=276, 301 
add, ID=277, 286 
add, ID=278, 251 
add, ID=279, 260 
add, ID=280, 243 
add, ID=281, 250 
add, ID=282, 218 
add, ID=283, 281 
add, ID=284, 272 
add, ID=285, 215 
add, ID=286, 213 
add, ID=287, 247 
add, ID=288, 251 
add, ID=289, 230 
add, ID=290, 248 
add, ID=291, 249 
add, ID=292, 282 
add, ID=293, 252 
add, ID=294, 205 
add, ID=295, 204 
add, ID=296, 193 
add, ID=297, 228 
add, ID=298, 215 
add, ID=299, 216 
add, ID=300, 216 
add, ID=301, 209 
add, ID=302, 231 
add, ID=303, 236 
add, ID=304, 226 
add, ID=305, 246 
add, ID=306, 225 
add, ID=307, 239 
add, ID=308, 217 
add, ID=309, 232 
add, ID=310, 227 
add, ID=311, 228 
add, ID=312, 224 
add, ID=313, 224 
add, ID=314, 239 
add, ID=315, 236 
add, ID=316, 225 
add, ID=317, 214 
add, ID=318, 216 
add, ID=319, 219 
add, ID=320, 202 
add, ID=321, 264 
add, ID=322, 277 
add, ID=323, 247 
add, ID=324, 218 
add, ID=325, 196 
add, ID=326, 207 
add, ID=327, 209 
add, ID=328, 224 
add, ID=329, 230 
add, ID=330, 209 
add, ID=331, 187 
add, ID=332, 211 
add, ID=333, 229 
add, ID=334, 224 
add, ID=335, 192 
add, ID=336, 265 
add, ID=337, 193 
add, ID=338, 212 
add, ID=339, 212 
add, ID=340, 214 
add, ID=341, 215 
add, ID=342, 185 
add, ID=343, 198 
add, ID=344, 251 
add, ID=345, 216 
add, ID=346, 188 
add, ID=347, 220 
add, ID=348, 243 
add, ID=349, 216 
add, ID=350, 212 
add, ID=351, 191 
add, ID=352, 207 
add, ID=353, 192 
add, ID=354, 246 
add, ID=355, 226 
add, ID=356, 220 
add, ID=357, 227 
add, ID=358, 223 
add, ID=359, 232 
add, ID=360, 205 
add, ID=361, 185 
add, ID=362, 179 
add, ID=363, 192 
add, ID=364, 189 
add, ID=365, 183 
add, ID=366, 186 
add, ID=367, 201 
add, ID=368, 182 
add, ID=369, 199 
add, ID=370, 174 
add, ID=371, 166 
add, ID=372, 254 
add, ID=373, 199 
add, ID=374, 183 
add, ID=375, 199 
add, ID=376, 247 
add, ID=377, 178 
add, ID=378, 214 
add, ID=379, 195 
add, ID=380, 178 
add, ID=381, 174 
add, ID=382, 178 
add, ID=383, 221 
add, ID=384, 220 
add, ID=385, 218 
add, ID=386, 190 
add, ID=387, 217 
add, ID=388, 207 
add, ID=389, 202 
add, ID=390, 228 
add, ID=391, 196 
add, ID=392, 228 
add, ID=393, 220 
add, ID=394, 232 
add, ID=395, 212 
add, ID=396, 237 
add, ID=397, 206 
add, ID=398, 198 
add, ID=399, 224 
add, ID=400, 221 
add, ID=401, 232 
add, ID=402, 209 
add, ID=403, 239 
add, ID=404, 245 
add, ID=405, 211 
add, ID=406, 202 
add, ID=407, 231 
add, ID=408, 207 
add, ID=409, 226 
add, ID=410, 242 
add, ID=411, 218 
add, ID=412, 183 
add, ID=413, 185 
add, ID=414, 224 
add, ID=415, 205 
add, ID=416, 194 
add, ID=417, 211 
add, ID=418, 204 
add, ID=419, 189 
add, ID=420, 193 
add, ID=421, 251 
add, ID=422, 226 
add, ID=423, 302 
add, ID=424, 273 
add, ID=425, 204 
add, ID=426, 208 
add, ID=427, 214 
add, ID=428, 252 
add, ID=429, 215 
add, ID=430, 211 
add, ID=431, 249 
add, ID=432, 195 
add, ID=433, 210 
add, ID=434, 227 
add, ID=435, 212 
add, ID=436, 210 
add, ID=437, 188 
add, ID=438, 217 
add, ID=439, 236 
add, ID=440, 198 
add, ID=441, 203 
add, ID=442, 181 
add, ID=443, 288 
add, ID=444, 253 
add, ID=445, 222 
add, ID=446, 219 
add, ID=447, 209 
add, ID=448, 199 
add, ID=449, 205 
add, ID=450, 191 
add, ID=451, 183 
add, ID=452, 190 
add, ID=453, 218 
add, ID=454, 210 
add, ID=455, 219 
add, ID=456, 196 
add, ID=457, 218 
add, ID=458, 215 
add, ID=459, 219 
add, ID=460, 253 
add, ID=461, 243 
add, ID=462, 223 
add, ID=463, 231 
add, ID=464, 240 
add, ID=465, 223 
add, ID=466, 237 
add, ID=467, 215 
add, ID=468, 208 
add, ID=469, 238 
add, ID=470, 185 
add, ID=471, 215 
add, ID=472, 246 
add, ID=473, 233 
add, ID=474, 237 
add, ID=475, 265 
add, ID=476, 214 
add, ID=477, 193 
add, ID=478, 184 
add, ID=479, 236 
add, ID=480, 230 
add, ID=481, 231 
add, ID=482, 257 
add, ID=483, 260 
add, ID=484, 216 
add, ID=485, 272 
add, ID=486, 226 
add, ID=487, 233 
add, ID=488, 298 
add, ID=489, 261 
add, ID=490, 222 
add, ID=491, 219 
add, ID=492, 239 
add, ID=493, 263 
add, ID=494, 265 
add, ID=495, 197 
add, ID=496, 194 
add, ID=497, 188 
add, ID=498, 177 
add, ID=499, 198 
add, ID=500, 224 
add, ID=501, 206 
add, ID=502, 242 
add, ID=503, 253 
add, ID=504, 205 
add, ID=505, 209 
add, ID=506, 270 
add, ID=507, 298 
add, ID=508, 228 
add, ID=509, 250 
add, ID=510, 237 
add, ID=511, 211 
add, ID=512, 228 
add, ID=513, 198 
add, ID=514, 235 
add, ID=515, 223 
add, ID=516, 204 
add, ID=517, 263 
add, ID=518, 260 
add, ID=519, 234 
add, ID=520, 221 
add, ID=521, 264 
add, ID=522, 208 
add, ID=523, 278 
add, ID=524, 219 
add, ID=525, 243 
add, ID=526, 244 
add, ID=527, 235 
add, ID=528, 240 
add, ID=529, 190 
add, ID=530, 188 
add, ID=531, 178 
add, ID=532, 201 
add, ID=533, 215 
add, ID=534, 216 
add, ID=535, 202 
add, ID=536, 268 
add, ID=537, 353 
add, ID=538, 301 
add, ID=539, 284 
add, ID=540, 279 
add, ID=541, 251 
add, ID=542, 235 
add, ID=543, 238 
add, ID=544, 219 
add, ID=545, 208 
add, ID=546, 246 
add, ID=547, 219 
add, ID=548, 216 
add, ID=549, 232 
add, ID=550, 222 
add, ID=551, 216 
add, ID=552, 212 
add, ID=553, 222 
add, ID=554, 231 
add, ID=555, 228 
add, ID=556, 238 
add, ID=557, 251 
add, ID=558, 253 
add, ID=559, 244 
add, ID=560, 288 
add, ID=561, 257 
add, ID=562, 249 
add, ID=563, 303 
add, ID=564, 275 
add, ID=565, 509 
add, ID=566, 328 
add, ID=567, 301 
add, ID=568, 312 
add, ID=569, 283 
add, ID=570, 253 
add, ID=571, 242 
add, ID=572, 270 
add, ID=573, 257 
add, ID=574, 265 
add, ID=575, 263 
add, ID=576, 251 
add, ID=577, 330 
add, ID=578, 376 
add, ID=579, 364 
add, ID=580, 263 
add, ID=581, 257 
add, ID=582, 251 
add, ID=583, 264 
add, ID=584, 240 
add, ID=585, 428 
add, ID=586, 251 
add, ID=587, 236 
add, ID=588, 232 
add, ID=589, 211 
add, ID=590, 233 
add, ID=591, 301 
add, ID=592, 202 
add, ID=593, 193 
add, ID=594, 178 
add, ID=595, 186 
add, ID=596, 200 
add, ID=597, 202 
add, ID=598, 178 
add, ID=599, 242 
add, ID=600, 209 
add, ID=601, 216 
add, ID=602, 204 
add, ID=603, 220 
add, ID=604, 177 
add, ID=605, 441 
add, ID=606, 309 
add, ID=607, 276 
add, ID=608, 251 
add, ID=609, 262 
add, ID=610, 254 
add, ID=611, 255 
add, ID=612, 250 
add, ID=613, 239 
add, ID=614, 232 
add, ID=615, 229 
add, ID=616, 247 
add, ID=617, 248 
add, ID=618, 226 
add, ID=619, 220 
add, ID=620, 229 
add, ID=621, 219 
add, ID=622, 284 
add, ID=623, 307 
add, ID=624, 293 
add, ID=625, 427 
add, ID=626, 312 
add, ID=627, 283 
add, ID=628, 266 
add, ID=629, 259 
add, ID=630, 263 
add, ID=631, 257 
add, ID=632, 269 
add, ID=633, 263 
add, ID=634, 265 
add, ID=635, 301 
add, ID=636, 271 
add, ID=637, 258 
add, ID=638, 269 
add, ID=639, 269 
add, ID=640, 267 
add, ID=641, 266 
add, ID=642, 271 
add, ID=643, 275 
add, ID=644, 258 
add, ID=645, 339 
add, ID=646, 259 
add, ID=647, 240 
add, ID=648, 229 
add, ID=649, 220 
add, ID=650, 247 
add, ID=651, 231 
add, ID=652, 216 
add, ID=653, 246 
add, ID=654, 247 
add, ID=655, 225 
add, ID=656, 257 
add, ID=657, 238 
add, ID=658, 212 
add, ID=659, 228 
add, ID=660, 499 
add, ID=661, 355 
add, ID=662, 255 
add, ID=663, 261 
add, ID=664, 240 
add, ID=665, 369 
add, ID=666, 271 
add, ID=667, 257 
add, ID=668, 245 
add, ID=669, 235 
add, ID=670, 230 
add, ID=671, 236 
add, ID=672, 234 
add, ID=673, 242 
add, ID=674, 243 
add, ID=675, 243 
add, ID=676, 244 
add, ID=677, 250 
add, ID=678, 263 
add, ID=679, 220 
add, ID=680, 246 
add, ID=681, 288 
add, ID=682, 229 
add, ID=683, 271 
add, ID=684, 224 
add, ID=685, 453 
add, ID=686, 294 
add, ID=687, 244 
add, ID=688, 252 
add, ID=689, 257 
add, ID=690, 251 
add, ID=691, 256 
add, ID=692, 315 
add, ID=693, 222 
add, ID=694, 263 
add, ID=695, 255 
add, ID=696, 265 
add, ID=697, 257 
add, ID=698, 220 
add, ID=699, 226 
add, ID=700, 233 
add, ID=701, 236 
add, ID=702, 222 
add, ID=703, 224 
add, ID=704, 231 
add, ID=705, 325 
add, ID=706, 222 
add, ID=707, 202 
add, ID=708, 217 
add, ID=709, 208 
add, ID=710, 202 
add, ID=711, 204 
add, ID=712, 205 
add, ID=713, 204 
add, ID=714, 210 
add, ID=715, 199 
add, ID=716, 208 
add, ID=717, 216 
add, ID=718, 217 
add, ID=719, 217 
add, ID=720, 192 
add, ID=721, 198 
add, ID=722, 201 
add, ID=723, 224 
add, ID=724, 224 
add, ID=725, 451 
add, ID=726, 263 
add, ID=727, 253 
add, ID=728, 249 
add, ID=729, 222 
add, ID=730, 221 
add, ID=731, 231 
add, ID=732, 249 
add, ID=733, 233 
add, ID=734, 235 
add, ID=735, 241 
add, ID=736, 240 
add, ID=737, 240 
add, ID=738, 224 
add, ID=739, 211 
add, ID=740, 204 
add, ID=741, 213 
add, ID=742, 226 
add, ID=743, 225 
add, ID=744, 210 
add, ID=745, 480 
add, ID=746, 299 
add, ID=747, 269 
add, ID=748, 306 
add, ID=749, 240 
add, ID=750, 325 
add, ID=751, 253 
add, ID=752, 236 
add, ID=753, 255 
add, ID=754, 233 
add, ID=755, 256 
add, ID=756, 240 
add, ID=757, 255 
add, ID=758, 251 
add, ID=759, 251 
add, ID=760, 258 
add, ID=761, 256 
add, ID=762, 293 
add, ID=763, 246 
add, ID=764, 244 
add, ID=765, 450 
add, ID=766, 306 
add, ID=767, 274 
add, ID=768, 285 
add, ID=769, 286 
add, ID=770, 267 
add, ID=771, 266 
add, ID=772, 253 
add, ID=773, 262 
add, ID=774, 267 
add, ID=775, 328 
add, ID=776, 259 
add, ID=777, 261 
add, ID=778, 265 
add, ID=779, 274 
add, ID=780, 264 
add, ID=781, 250 
add, ID=782, 261 
add, ID=783, 219 
add, ID=784, 243 
add, ID=785, 330 
add, ID=786, 268 
add, ID=787, 243 
add, ID=788, 234 
add, ID=789, 247 
add, ID=790, 220 
add, ID=791, 232 
add, ID=792, 244 
add, ID=793, 208 
add, ID=794, 207 
add, ID=795, 237 
add, ID=796, 235 
add, ID=797, 239 
add, ID=798, 250 
add, ID=799, 242 
add, ID=800, 272 
add, ID=801, 293 
add, ID=802, 237 
add, ID=803, 237 
add, ID=804, 232 
add, ID=805, 430 
add, ID=806, 294 
add, ID=807, 233 
add, ID=808, 232 
add, ID=809, 252 
add, ID=810, 253 
add, ID=811, 255 
add, ID=812, 250 
add, ID=813, 252 
add, ID=814, 246 
add, ID=815, 249 
add, ID=816, 240 
add, ID=817, 258 
add, ID=818, 234 
add, ID=819, 240 
add, ID=820, 238 
add, ID=821, 238 
add, ID=822, 220 
add, ID=823, 220 
add, ID=824, 225 
add, ID=825, 430 
add, ID=826, 252 
add, ID=827, 234 
add, ID=828, 242 
add, ID=829, 235 
add, ID=830, 219 
add, ID=831, 207 
add, ID=832, 222 
add, ID=833, 228 
add, ID=834, 229 
add, ID=835, 236 
add, ID=836, 243 
add, ID=837, 243 
add, ID=838, 240 
add, ID=839, 240 
add, ID=840, 246 
add, ID=841, 250 
add, ID=842, 239 
add, ID=843, 246 
add, ID=844, 215 
add, ID=845, 461 
add, ID=846, 358 
add, ID=847, 288 
add, ID=848, 277 
add, ID=849, 280 
add, ID=850, 279 
add, ID=851, 243 
add, ID=852, 264 
add, ID=853, 261 
add, ID=854, 267 
add, ID=855, 264 
add, ID=856, 275 
add, ID=857, 266 
add, ID=858, 275 
add, ID=859, 263 
add, ID=860, 261 
add, ID=861, 273 
add, ID=862, 263 
add, ID=863, 275 
add, ID=864, 276 
add, ID=865, 418 
add, ID=866, 342 
add, ID=867, 256 
add, ID=868, 246 
add, ID=869, 226 
add, ID=870, 217 
add, ID=871, 271 
add, ID=872, 261 
add, ID=873, 234 
add, ID=874, 293 
add, ID=875, 257 
add, ID=876, 236 
add, ID=877, 258 
add, ID=878, 223 
add, ID=879, 240 
add, ID=880, 240 
add, ID=881, 221 
add, ID=882, 220 
add, ID=883, 265 
add, ID=884, 216 
add, ID=885, 392 
add, ID=886, 279 
add, ID=887, 268 
add, ID=888, 262 
add, ID=889, 244 
add, ID=890, 263 
add, ID=891, 249 
add, ID=892, 247 
add, ID=893, 240 
add, ID=894, 254 
add, ID=895, 305 
add, ID=896, 238 
add, ID=897, 236 
add, ID=898, 238 
add, ID=899, 236 
add, ID=900, 246 
add, ID=901, 255 
add, ID=902, 245 
add, ID=903, 244 
add, ID=904, 243 
add, ID=905, 462 
add, ID=906, 267 
add, ID=907, 220 
add, ID=908, 252 
add, ID=909, 242 
add, ID=910, 225 
add, ID=911, 223 
add, ID=912, 223 
add, ID=913, 222 
add, ID=914, 235 
add, ID=915, 234 
add, ID=916, 227 
add, ID=917, 226 
add, ID=918, 223 
add, ID=919, 226 
add, ID=920, 253 
add, ID=921, 227 
add, ID=922, 212 
add, ID=923, 223 
add, ID=924, 212 
add, ID=925, 453 
add, ID=926, 280 
add, ID=927, 223 
add, ID=928, 232 
add, ID=929, 280 
add, ID=930, 231 
add, ID=931, 228 
add, ID=932, 224 
add, ID=933, 277 
add, ID=934, 1 213 
add, ID=935, 247 
add, ID=936, 216 
add, ID=937, 240 
add, ID=938, 228 
add, ID=939, 224 
add, ID=940, 247 
add, ID=941, 252 
add, ID=942, 247 
add, ID=943, 251 
add, ID=944, 253 
add, ID=945, 463 
add, ID=946, 317 
add, ID=947, 265 
add, ID=948, 305 
add, ID=949, 293 
add, ID=950, 307 
add, ID=951, 273 
add, ID=952, 253 
add, ID=953, 232 
add, ID=954, 218 
add, ID=955, 229 
add, ID=956, 253 
add, ID=957, 248 
add, ID=958, 244 
add, ID=959, 235 
add, ID=960, 227 
add, ID=961, 228 
add, ID=962, 259 
add, ID=963, 229 
add, ID=964, 247 
add, ID=965, 432 
add, ID=966, 298 
add, ID=967, 287 
add, ID=968, 267 
add, ID=969, 277 
add, ID=970, 264 
add, ID=971, 253 
add, ID=972, 252 
add, ID=973, 249 
add, ID=974, 243 
add, ID=975, 246 
add, ID=976, 246 
add, ID=977, 255 
add, ID=978, 247 
add, ID=979, 255 
add, ID=980, 254 
add, ID=981, 245 
add, ID=982, 261 
add, ID=983, 252 
add, ID=984, 246 
add, ID=985, 447 
add, ID=986, 322 
add, ID=987, 273 
add, ID=988, 266 
add, ID=989, 286 
add, ID=990, 208 
add, ID=991, 253 
add, ID=992, 220 
add, ID=993, 186 
add, ID=994, 204 
add, ID=995, 215 
add, ID=996, 215 
add, ID=997, 219 
add, ID=998, 204 
add, ID=999, 191 
addTotalCount = 1000 
addTotalTime = {0}249628 
addMedianTime = {0}249 
remove, ID=869, 3 347 
remove, ID=266, 1 716 
remove, ID=948, 1 683 
remove, ID=426, 1 417 
remove, ID=758, 1 131 
remove, ID=385, 1 263 
remove, ID=131, 1 339 
remove, ID=460, 1 107 
remove, ID=325, 1 467 
remove, ID=505, 1 116 
remove, ID=806, 989 
remove, ID=929, 1 028 
remove, ID=520, 1 087 
remove, ID=942, 955 
remove, ID=483, 1 071 
remove, ID=80, 1 534 
remove, ID=719, 984 
remove, ID=415, 1 156 
remove, ID=539, 1 073 
remove, ID=312, 1 236 
remove, ID=404, 1 106 
remove, ID=727, 1 062 
remove, ID=784, 1 765 
remove, ID=267, 1 494 
remove, ID=673, 1 258 
remove, ID=72, 1 314 
remove, ID=851, 1 138 
remove, ID=878, 1 103 
remove, ID=123, 1 334 
remove, ID=493, 1 176 
remove, ID=798, 1 092 
remove, ID=247, 1 134 
remove, ID=95, 1 181 
remove, ID=903, 1 004 
remove, ID=360, 1 146 
remove, ID=40, 1 197 
remove, ID=428, 1 076 
remove, ID=728, 1 035 
remove, ID=218, 1 203 
remove, ID=200, 1 093 
remove, ID=115, 1 360 
remove, ID=522, 1 261 
remove, ID=7, 1 659 
remove, ID=906, 1 239 
remove, ID=16, 1 298 
remove, ID=7, 1 159 
remove, ID=517, 1 088 
remove, ID=129, 1 242 
remove, ID=177, 1 189 
remove, ID=666, 1 106 
remove, ID=322, 1 167 
remove, ID=34, 1 361 
remove, ID=197, 1 291 
remove, ID=730, 1 025 
remove, ID=299, 1 129 
remove, ID=174, 1 157 
remove, ID=555, 1 206 
remove, ID=587, 1 097 
remove, ID=73, 1 172 
remove, ID=736, 1 037 
remove, ID=600, 973 
remove, ID=788, 1 091 
remove, ID=248, 2 125 
remove, ID=569, 1 451 
remove, ID=437, 1 287 
remove, ID=783, 1 043 
remove, ID=781, 1 202 
remove, ID=354, 1 200 
remove, ID=364, 1 127 
remove, ID=699, 1 111 
remove, ID=386, 1 060 
remove, ID=711, 1 042 
remove, ID=254, 1 084 
remove, ID=688, 1 045 
remove, ID=210, 1 150 
remove, ID=689, 1 015 
remove, ID=55, 1 143 
remove, ID=472, 1 071 
remove, ID=464, 1 045 
remove, ID=754, 1 022 
remove, ID=19, 1 164 
remove, ID=65, 1 085 
remove, ID=619, 1 741 
remove, ID=591, 1 251 
remove, ID=76, 1 301 
remove, ID=849, 1 098 
remove, ID=94, 1 217 
remove, ID=43, 1 162 
remove, ID=797, 1 029 
remove, ID=678, 1 101 
remove, ID=517, 1 106 
remove, ID=888, 966 
remove, ID=58, 1 094 
remove, ID=132, 1 089 
remove, ID=250, 1 004 
remove, ID=839, 849 
remove, ID=836, 920 
remove, ID=738, 994 
remove, ID=579, 1 090 
remove, ID=461, 1 108 
removeTotalCount = 100 
removeTotalTime = 120 509 
removeMedianTime = 1 205 
