Start program: 2022-01-06 22:12:20 
HashMap 
add, ID=0, 11 134 
add, ID=1, 3 616 
add, ID=2, 5 738 
add, ID=3, 2 416 
add, ID=4, 1 714 
add, ID=5, 1 815 
add, ID=6, 5 621 
add, ID=7, 3 771 
add, ID=8, 2 219 
add, ID=9, 1 026 
add, ID=10, 2 636 
add, ID=11, 1 059 
add, ID=12, 1 022 
add, ID=13, 1 030 
add, ID=14, 1 233 
add, ID=15, 1 360 
add, ID=16, 2 383 
add, ID=17, 1 578 
add, ID=18, 1 012 
add, ID=19, 1 040 
add, ID=20, 1 012 
add, ID=21, 1 003 
add, ID=22, 1 073 
add, ID=23, 990 
add, ID=24, 984 
add, ID=25, 1 009 
add, ID=26, 1 066 
add, ID=27, 1 086 
add, ID=28, 1 013 
add, ID=29, 1 025 
add, ID=30, 1 074 
add, ID=31, 1 051 
add, ID=32, 1 033 
add, ID=33, 3 084 
add, ID=34, 1 036 
add, ID=35, 995 
add, ID=36, 978 
add, ID=37, 988 
add, ID=38, 1 132 
add, ID=39, 1 171 
add, ID=40, 1 065 
add, ID=41, 999 
add, ID=42, 1 035 
add, ID=43, 998 
add, ID=44, 1 006 
add, ID=45, 1 004 
add, ID=46, 1 036 
add, ID=47, 1 028 
add, ID=48, 1 878 
add, ID=49, 1 062 
add, ID=50, 1 030 
add, ID=51, 1 026 
add, ID=52, 1 022 
add, ID=53, 1 012 
add, ID=54, 994 
add, ID=55, 995 
add, ID=56, 976 
add, ID=57, 1 027 
add, ID=58, 1 216 
add, ID=59, 1 098 
add, ID=60, 986 
add, ID=61, 916 
add, ID=62, 1 168 
add, ID=63, 969 
add, ID=64, 982 
add, ID=65, 940 
add, ID=66, 955 
add, ID=67, 920 
add, ID=68, 980 
add, ID=69, 1 115 
add, ID=70, 1 065 
add, ID=71, 1 002 
add, ID=72, 975 
add, ID=73, 3 207 
add, ID=74, 932 
add, ID=75, 7 130 
add, ID=76, 733 
add, ID=77, 721 
add, ID=78, 700 
add, ID=79, 657 
add, ID=80, 1 780 
add, ID=81, 642 
add, ID=82, 635 
add, ID=83, 608 
add, ID=84, 662 
add, ID=85, 635 
add, ID=86, 592 
add, ID=87, 622 
add, ID=88, 644 
add, ID=89, 598 
add, ID=90, 647 
add, ID=91, 565 
add, ID=92, 613 
add, ID=93, 669 
add, ID=94, 582 
add, ID=95, 725 
add, ID=96, 8 073 
add, ID=97, 634 
add, ID=98, 678 
add, ID=99, 606 
addTotalCount = 100 
addTotalTime = {0}32947 
addMedianTime = {0}329 
remove, ID=99, 2 703 
remove, ID=98, 1 610 
remove, ID=97, 1 557 
remove, ID=96, 1 597 
remove, ID=95, 1 797 
remove, ID=94, 1 684 
remove, ID=93, 1 632 
remove, ID=92, 1 693 
remove, ID=91, 1 633 
remove, ID=90, 1 715 

removeTotalCount = 10 
removeTotalTime = 17 621 
removeMedianTime = 1 762 
Start program: 2022-01-06 22:28:12 
HashMap 
add, ID=0, 1 899 
add, ID=1, 3 335 
add, ID=2, 2 470 
add, ID=3, 4 349 
add, ID=4, 1 856 
add, ID=5, 1 786 
add, ID=6, 3 057 
add, ID=7, 3 488 
add, ID=8, 2 203 
add, ID=9, 2 159 
add, ID=10, 3 406 
add, ID=11, 1 326 
add, ID=12, 1 856 
add, ID=13, 2 017 
add, ID=14, 1 763 
add, ID=15, 1 107 
add, ID=16, 2 052 
add, ID=17, 1 259 
add, ID=18, 1 532 
add, ID=19, 1 250 
add, ID=20, 1 267 
add, ID=21, 1 232 
add, ID=22, 3 207 
add, ID=23, 1 338 
add, ID=24, 1 169 
add, ID=25, 1 264 
add, ID=26, 1 325 
add, ID=27, 1 319 
add, ID=28, 1 553 
add, ID=29, 1 128 
add, ID=30, 1 494 
add, ID=31, 2 292 
add, ID=32, 2 809 
add, ID=33, 2 059 
add, ID=34, 1 617 
add, ID=35, 1 762 
add, ID=36, 1 331 
add, ID=37, 1 753 
add, ID=38, 2 099 
add, ID=39, 1 956 
add, ID=40, 1 080 
add, ID=41, 1 152 
add, ID=42, 1 043 
add, ID=43, 1 040 
add, ID=44, 1 042 
add, ID=45, 2 205 
add, ID=46, 1 384 
add, ID=47, 2 161 
add, ID=48, 22 204 
add, ID=49, 1 598 
add, ID=50, 2 448 
add, ID=51, 2 204 
add, ID=52, 19 208 
add, ID=53, 10 191 
add, ID=54, 1 072 
add, ID=55, 986 
add, ID=56, 1 026 
add, ID=57, 994 
add, ID=58, 815 
add, ID=59, 742 
add, ID=60, 731 
add, ID=61, 750 
add, ID=62, 751 
add, ID=63, 661 
add, ID=64, 759 
add, ID=65, 1 087 
add, ID=66, 915 
add, ID=67, 790 
add, ID=68, 723 
add, ID=69, 782 
add, ID=70, 710 
add, ID=71, 980 
add, ID=72, 877 
add, ID=73, 884 
add, ID=74, 1 022 
add, ID=75, 871 
add, ID=76, 805 
add, ID=77, 865 
add, ID=78, 773 
add, ID=79, 711 
add, ID=80, 752 
add, ID=81, 964 
add, ID=82, 751 
add, ID=83, 755 
add, ID=84, 800 
add, ID=85, 817 
add, ID=86, 970 
add, ID=87, 768 
add, ID=88, 844 
add, ID=89, 915 
add, ID=90, 935 
add, ID=91, 859 
add, ID=92, 866 
add, ID=93, 896 
add, ID=94, 842 
add, ID=95, 1 140 
add, ID=96, 33 031 
add, ID=97, 1 765 
add, ID=98, 1 826 
add, ID=99, 1 238 
addTotalCount = 100 
addTotalTime = {0}35219 
addMedianTime = {0}352 
remove, ID=99, 36 288 
remove, ID=98, 7 936 
remove, ID=97, 2 584 
remove, ID=96, 2 112 
remove, ID=95, 2 144 
remove, ID=94, 2 158 
remove, ID=93, 5 600 
remove, ID=92, 5 994 
remove, ID=91, 2 276 
remove, ID=90, 4 204 

removeTotalCount = 10 
removeTotalTime = 71 296 
removeMedianTime = 7 129 
Start program: 2022-01-06 22:30:08 
HashMap 
add, ID=0, 1 763 
add, ID=1, 1 051 
add, ID=2, 1 048 
add, ID=3, 1 146 
add, ID=4, 1 095 
add, ID=5, 1 092 
add, ID=6, 1 383 
add, ID=7, 1 274 
add, ID=8, 1 210 
add, ID=9, 1 279 
add, ID=10, 4 489 
add, ID=11, 2 307 
add, ID=12, 1 699 
add, ID=13, 2 538 
add, ID=14, 2 783 
add, ID=15, 2 278 
add, ID=16, 3 019 
add, ID=17, 3 116 
add, ID=18, 1 091 
add, ID=19, 1 158 
add, ID=20, 1 217 
add, ID=21, 1 055 
add, ID=22, 2 213 
add, ID=23, 1 155 
add, ID=24, 1 101 
add, ID=25, 1 083 
add, ID=26, 1 316 
add, ID=27, 1 129 
add, ID=28, 1 134 
add, ID=29, 10 773 
add, ID=30, 8 102 
add, ID=31, 719 
add, ID=32, 891 
add, ID=33, 751 
add, ID=34, 700 
add, ID=35, 702 
add, ID=36, 829 
add, ID=37, 718 
add, ID=38, 1 148 
add, ID=39, 840 
add, ID=40, 791 
add, ID=41, 836 
add, ID=42, 736 
add, ID=43, 857 
add, ID=44, 686 
add, ID=45, 713 
add, ID=46, 657 
add, ID=47, 703 
add, ID=48, 25 235 
add, ID=49, 990 
add, ID=50, 1 074 
add, ID=51, 2 225 
add, ID=52, 3 513 
add, ID=53, 4 342 
add, ID=54, 4 169 
add, ID=55, 2 460 
add, ID=56, 2 271 
add, ID=57, 1 511 
add, ID=58, 959 
add, ID=59, 950 
add, ID=60, 4 373 
add, ID=61, 3 945 
add, ID=62, 3 589 
add, ID=63, 10 025 
add, ID=64, 1 459 
add, ID=65, 831 
add, ID=66, 860 
add, ID=67, 734 
add, ID=68, 674 
add, ID=69, 1 043 
add, ID=70, 882 
add, ID=71, 1 016 
add, ID=72, 1 360 
add, ID=73, 941 
add, ID=74, 1 604 
add, ID=75, 2 644 
add, ID=76, 1 543 
add, ID=77, 1 961 
add, ID=78, 1 244 
add, ID=79, 877 
add, ID=80, 947 
add, ID=81, 743 
add, ID=82, 980 
add, ID=83, 914 
add, ID=84, 714 
add, ID=85, 913 
add, ID=86, 3 034 
add, ID=87, 708 
add, ID=88, 931 
add, ID=89, 831 
add, ID=90, 751 
add, ID=91, 763 
add, ID=92, 706 
add, ID=93, 842 
add, ID=94, 728 
add, ID=95, 719 
add, ID=96, 12 009 
add, ID=97, 704 
add, ID=98, 705 
add, ID=99, 588 
addTotalCount = 100 
addTotalTime = {0}41425 
addMedianTime = {0}414 
remove, ID=99, 3 554 
remove, ID=98, 2 372 
remove, ID=97, 1 949 
remove, ID=96, 2 333 
remove, ID=95, 2 302 
remove, ID=94, 2 215 
remove, ID=93, 2 261 
remove, ID=92, 2 179 
remove, ID=91, 2 292 
remove, ID=90, 2 279 

removeTotalCount = 10 
removeTotalTime = 23 736 
removeMedianTime = 2 373 
Start program: 2022-01-06 22:36:02 
HashMap 
add, ID=0, 2 493 
add, ID=1, 1 866 
add, ID=2, 1 355 
add, ID=3, 1 103 
add, ID=4, 1 186 
add, ID=5, 1 274 
add, ID=6, 6 204 
add, ID=7, 7 624 
add, ID=8, 12 615 
add, ID=9, 4 415 
add, ID=10, 2 868 
add, ID=11, 1 052 
add, ID=12, 1 132 
add, ID=13, 1 397 
add, ID=14, 2 992 
add, ID=15, 4 262 
add, ID=16, 4 246 
add, ID=17, 1 447 
add, ID=18, 1 182 
add, ID=19, 1 218 
add, ID=20, 1 113 
add, ID=21, 1 092 
add, ID=22, 2 464 
add, ID=23, 1 060 
add, ID=24, 1 016 
add, ID=25, 1 060 
add, ID=26, 998 
add, ID=27, 1 097 
add, ID=28, 1 224 
add, ID=29, 1 101 
add, ID=30, 1 073 
add, ID=31, 1 374 
add, ID=32, 5 417 
add, ID=33, 1 098 
add, ID=34, 1 127 
add, ID=35, 12 359 
add, ID=36, 8 783 
add, ID=37, 875 
add, ID=38, 1 149 
add, ID=39, 1 119 
add, ID=40, 893 
add, ID=41, 1 092 
add, ID=42, 956 
add, ID=43, 816 
add, ID=44, 901 
add, ID=45, 974 
add, ID=46, 874 
add, ID=47, 920 
add, ID=48, 17 849 
add, ID=49, 977 
add, ID=50, 837 
add, ID=51, 692 
add, ID=52, 761 
add, ID=53, 719 
add, ID=54, 695 
add, ID=55, 776 
add, ID=56, 856 
add, ID=57, 713 
add, ID=58, 753 
add, ID=59, 760 
add, ID=60, 726 
add, ID=61, 673 
add, ID=62, 702 
add, ID=63, 632 
add, ID=64, 726 
add, ID=65, 886 
add, ID=66, 768 
add, ID=67, 776 
add, ID=68, 742 
add, ID=69, 967 
add, ID=70, 839 
add, ID=71, 863 
add, ID=72, 870 
add, ID=73, 882 
add, ID=74, 767 
add, ID=75, 835 
add, ID=76, 770 
add, ID=77, 806 
add, ID=78, 770 
add, ID=79, 729 
add, ID=80, 750 
add, ID=81, 666 
add, ID=82, 822 
add, ID=83, 1 139 
add, ID=84, 783 
add, ID=85, 781 
add, ID=86, 773 
add, ID=87, 771 
add, ID=88, 843 
add, ID=89, 697 
add, ID=90, 792 
add, ID=91, 709 
add, ID=92, 784 
add, ID=93, 803 
add, ID=94, 730 
add, ID=95, 788 
add, ID=96, 10 668 
add, ID=97, 755 
add, ID=98, 765 
add, ID=99, 758 
addTotalCount = 100 
addTotalTime = {0}35824 
addMedianTime = {0}358 
remove, ID=99, 3 823 
remove, ID=98, 2 449 
remove, ID=97, 2 276 
remove, ID=96, 2 095 
remove, ID=95, 2 178 
remove, ID=94, 2 105 
remove, ID=93, 2 108 
remove, ID=92, 2 305 
remove, ID=91, 2 000 
remove, ID=90, 2 064 

removeTotalCount = 10 
removeTotalTime = 23 403 
removeMedianTime = 2 340 
Start program: 2022-01-06 22:46:25 
HashMap 
add, ID=0, 1 502 
add, ID=1, 1 207 
add, ID=2, 1 064 
add, ID=3, 1 064 
add, ID=4, 1 044 
add, ID=5, 3 506 
add, ID=6, 1 058 
add, ID=7, 1 092 
add, ID=8, 1 386 
add, ID=9, 1 403 
add, ID=10, 2 950 
add, ID=11, 1 245 
add, ID=12, 1 132 
add, ID=13, 1 133 
add, ID=14, 1 165 
add, ID=15, 1 190 
add, ID=16, 2 802 
add, ID=17, 1 164 
add, ID=18, 1 055 
add, ID=19, 1 204 
add, ID=20, 1 104 
add, ID=21, 1 022 
add, ID=22, 2 137 
add, ID=23, 1 036 
add, ID=24, 982 
add, ID=25, 942 
add, ID=26, 882 
add, ID=27, 923 
add, ID=28, 1 218 
add, ID=29, 1 050 
add, ID=30, 1 068 
add, ID=31, 1 152 
add, ID=32, 1 654 
add, ID=33, 1 048 
add, ID=34, 1 149 
add, ID=35, 1 225 
add, ID=36, 1 202 
add, ID=37, 1 739 
add, ID=38, 1 096 
add, ID=39, 1 230 
add, ID=40, 1 169 
add, ID=41, 1 091 
add, ID=42, 1 149 
add, ID=43, 1 112 
add, ID=44, 980 
add, ID=45, 1 289 
add, ID=46, 1 071 
add, ID=47, 1 178 
add, ID=48, 17 261 
add, ID=49, 1 081 
add, ID=50, 956 
add, ID=51, 1 070 
add, ID=52, 975 
add, ID=53, 1 311 
add, ID=54, 975 
add, ID=55, 1 077 
add, ID=56, 1 054 
add, ID=57, 1 005 
add, ID=58, 974 
add, ID=59, 895 
add, ID=60, 994 
add, ID=61, 995 
add, ID=62, 1 020 
add, ID=63, 992 
add, ID=64, 1 070 
add, ID=65, 1 210 
add, ID=66, 6 878 
add, ID=67, 7 867 
add, ID=68, 893 
add, ID=69, 832 
add, ID=70, 830 
add, ID=71, 873 
add, ID=72, 796 
add, ID=73, 872 
add, ID=74, 853 
add, ID=75, 848 
add, ID=76, 785 
add, ID=77, 789 
add, ID=78, 764 
add, ID=79, 765 
add, ID=80, 757 
add, ID=81, 810 
add, ID=82, 777 
add, ID=83, 768 
add, ID=84, 824 
add, ID=85, 919 
add, ID=86, 794 
add, ID=87, 931 
add, ID=88, 948 
add, ID=89, 916 
add, ID=90, 960 
add, ID=91, 761 
add, ID=92, 823 
add, ID=93, 951 
add, ID=94, 771 
add, ID=95, 795 
add, ID=96, 43 642 
add, ID=97, 831 
add, ID=98, 773 
add, ID=99, 814 
addTotalCount = 100 
addTotalTime = {0}30019 
addMedianTime = {0}300 
remove, ID=99, 3 665 
remove, ID=98, 2 435 
remove, ID=97, 2 152 
remove, ID=96, 2 078 
remove, ID=95, 2 065 
remove, ID=94, 2 032 
remove, ID=93, 2 289 
remove, ID=92, 2 215 
remove, ID=91, 2 179 
remove, ID=90, 2 070 

removeTotalCount = 10 
removeTotalTime = 23 180 
removeMedianTime = 2 318 
Start program: 2022-01-06 22:53:41 
HashMap 
add, ID=0, 1 811 
add, ID=1, 1 543 
add, ID=2, 1 209 
add, ID=3, 1 131 
add, ID=4, 1 144 
add, ID=5, 1 115 
add, ID=6, 5 558 
add, ID=7, 11 037 
add, ID=8, 890 
add, ID=9, 795 
add, ID=10, 2 548 
add, ID=11, 1 219 
add, ID=12, 1 059 
add, ID=13, 803 
add, ID=14, 786 
add, ID=15, 745 
add, ID=16, 1 652 
add, ID=17, 3 652 
add, ID=18, 3 162 
add, ID=19, 4 730 
add, ID=20, 2 867 
add, ID=21, 1 258 
add, ID=22, 1 146 
add, ID=23, 1 069 
add, ID=24, 851 
add, ID=25, 1 053 
add, ID=26, 796 
add, ID=27, 776 
add, ID=28, 815 
add, ID=29, 738 
add, ID=30, 718 
add, ID=31, 915 
add, ID=32, 1 101 
add, ID=33, 1 018 
add, ID=34, 768 
add, ID=35, 858 
add, ID=36, 672 
add, ID=37, 704 
add, ID=38, 730 
add, ID=39, 937 
add, ID=40, 891 
add, ID=41, 853 
add, ID=42, 691 
add, ID=43, 1 080 
add, ID=44, 886 
add, ID=45, 763 
add, ID=46, 755 
add, ID=47, 816 
add, ID=48, 2 592 
add, ID=49, 791 
add, ID=50, 786 
add, ID=51, 731 
add, ID=52, 730 
add, ID=53, 866 
add, ID=54, 849 
add, ID=55, 1 582 
add, ID=56, 2 484 
add, ID=57, 3 716 
add, ID=58, 2 810 
add, ID=59, 3 051 
add, ID=60, 2 094 
add, ID=61, 2 092 
add, ID=62, 2 542 
add, ID=63, 2 236 
add, ID=64, 6 452 
add, ID=65, 5 001 
add, ID=66, 1 308 
add, ID=67, 873 
add, ID=68, 851 
add, ID=69, 973 
add, ID=70, 870 
add, ID=71, 1 084 
add, ID=72, 958 
add, ID=73, 1 571 
add, ID=74, 1 382 
add, ID=75, 1 009 
add, ID=76, 1 267 
add, ID=77, 759 
add, ID=78, 824 
add, ID=79, 756 
add, ID=80, 24 009 
add, ID=81, 869 
add, ID=82, 916 
add, ID=83, 742 
add, ID=84, 821 
add, ID=85, 902 
add, ID=86, 901 
add, ID=87, 812 
add, ID=88, 816 
add, ID=89, 819 
add, ID=90, 940 
add, ID=91, 736 
add, ID=92, 761 
add, ID=93, 775 
add, ID=94, 678 
add, ID=95, 697 
add, ID=96, 9 416 
add, ID=97, 664 
add, ID=98, 726 
add, ID=99, 716 
addTotalCount = 100 
addTotalTime = {0}42169 
addMedianTime = {0}421 
remove, ID=99, 3 441 
remove, ID=98, 2 143 
remove, ID=97, 2 063 
remove, ID=96, 2 063 
remove, ID=95, 2 262 
remove, ID=94, 1 978 
remove, ID=93, 2 091 
remove, ID=92, 2 154 
remove, ID=91, 2 092 
remove, ID=90, 2 098 

removeTotalCount = 10 
removeTotalTime = 22 385 
removeMedianTime = 2 238 
Start program: 2022-01-06 22:58:31 
HashMap 
add, ID=0, 2 547 
add, ID=1, 2 210 
add, ID=2, 1 694 
add, ID=3, 1 808 
add, ID=4, 1 744 
add, ID=5, 1 775 
add, ID=6, 1 773 
add, ID=7, 2 944 
add, ID=8, 2 708 
add, ID=9, 1 492 
add, ID=10, 3 836 
add, ID=11, 1 289 
add, ID=12, 1 474 
add, ID=13, 1 183 
add, ID=14, 1 127 
add, ID=15, 1 399 
add, ID=16, 2 356 
add, ID=17, 1 935 
add, ID=18, 1 203 
add, ID=19, 2 570 
add, ID=20, 1 962 
add, ID=21, 1 763 
add, ID=22, 2 498 
add, ID=23, 1 051 
add, ID=24, 1 235 
add, ID=25, 1 055 
add, ID=26, 1 329 
add, ID=27, 1 252 
add, ID=28, 1 133 
add, ID=29, 1 708 
add, ID=30, 1 483 
add, ID=31, 1 815 
add, ID=32, 1 438 
add, ID=33, 1 896 
add, ID=34, 2 288 
add, ID=35, 1 607 
add, ID=36, 1 331 
add, ID=37, 1 767 
add, ID=38, 1 493 
add, ID=39, 1 598 
add, ID=40, 1 401 
add, ID=41, 1 526 
add, ID=42, 1 214 
add, ID=43, 1 128 
add, ID=44, 1 505 
add, ID=45, 1 533 
add, ID=46, 1 195 
add, ID=47, 1 283 
add, ID=48, 20 955 
add, ID=49, 4 125 
add, ID=50, 2 679 
add, ID=51, 1 553 
add, ID=52, 1 335 
add, ID=53, 43 295 
add, ID=54, 10 242 
add, ID=55, 1 319 
add, ID=56, 1 180 
add, ID=57, 1 044 
add, ID=58, 926 
add, ID=59, 829 
add, ID=60, 888 
add, ID=61, 721 
add, ID=62, 803 
add, ID=63, 818 
add, ID=64, 923 
add, ID=65, 869 
add, ID=66, 997 
add, ID=67, 849 
add, ID=68, 811 
add, ID=69, 1 148 
add, ID=70, 804 
add, ID=71, 848 
add, ID=72, 766 
add, ID=73, 707 
add, ID=74, 722 
add, ID=75, 697 
add, ID=76, 718 
add, ID=77, 765 
add, ID=78, 756 
add, ID=79, 729 
add, ID=80, 746 
add, ID=81, 706 
add, ID=82, 715 
add, ID=83, 700 
add, ID=84, 793 
add, ID=85, 1 156 
add, ID=86, 948 
add, ID=87, 723 
add, ID=88, 853 
add, ID=89, 722 
add, ID=90, 936 
add, ID=91, 763 
add, ID=92, 802 
add, ID=93, 794 
add, ID=94, 687 
add, ID=95, 764 
add, ID=96, 10 634 
add, ID=97, 710 
add, ID=98, 732 
add, ID=99, 718 
addTotalCount = 100 
addTotalTime = {0}38291 
addMedianTime = {0}382 
remove, ID=99, 5 087 
remove, ID=98, 4 087 
remove, ID=97, 3 081 
remove, ID=96, 3 060 
remove, ID=95, 2 608 
remove, ID=94, 2 591 
remove, ID=93, 2 309 
remove, ID=92, 2 106 
remove, ID=91, 2 165 
remove, ID=90, 2 155 

removeTotalCount = 10 
removeTotalTime = 29 249 
removeMedianTime = 2 924 
Start program: 2022-01-06 23:23:22 
HashMap 
add, ID=0, 2 437 
add, ID=1, 1 336 
add, ID=2, 1 181 
add, ID=3, 1 115 
add, ID=4, 1 170 
add, ID=5, 1 508 
add, ID=6, 1 436 
add, ID=7, 1 390 
add, ID=8, 1 559 
add, ID=9, 1 210 
add, ID=10, 2 748 
add, ID=11, 926 
add, ID=12, 990 
add, ID=13, 834 
add, ID=14, 812 
add, ID=15, 856 
add, ID=16, 2 728 
add, ID=17, 872 
add, ID=18, 3 385 
add, ID=19, 1 324 
add, ID=20, 1 133 
add, ID=21, 774 
add, ID=22, 2 270 
add, ID=23, 789 
add, ID=24, 783 
add, ID=25, 1 178 
add, ID=26, 788 
add, ID=27, 776 
add, ID=28, 859 
add, ID=29, 768 
add, ID=30, 736 
add, ID=31, 850 
add, ID=32, 965 
add, ID=33, 876 
add, ID=34, 672 
add, ID=35, 860 
add, ID=36, 931 
add, ID=37, 1 012 
add, ID=38, 1 249 
add, ID=39, 1 723 
add, ID=40, 1 807 
add, ID=41, 3 872 
add, ID=42, 1 246 
add, ID=43, 1 311 
add, ID=44, 1 056 
add, ID=45, 2 357 
add, ID=46, 856 
add, ID=47, 813 
add, ID=48, 22 902 
add, ID=49, 815 
add, ID=50, 795 
add, ID=51, 680 
add, ID=52, 742 
add, ID=53, 3 756 
add, ID=54, 704 
add, ID=55, 866 
add, ID=56, 777 
add, ID=57, 702 
add, ID=58, 723 
add, ID=59, 728 
add, ID=60, 662 
add, ID=61, 735 
add, ID=62, 697 
add, ID=63, 733 
add, ID=64, 921 
add, ID=65, 1 049 
add, ID=66, 1 263 
add, ID=67, 891 
add, ID=68, 1 198 
add, ID=69, 792 
add, ID=70, 791 
add, ID=71, 939 
add, ID=72, 808 
add, ID=73, 830 
add, ID=74, 787 
add, ID=75, 762 
add, ID=76, 804 
add, ID=77, 782 
add, ID=78, 752 
add, ID=79, 901 
add, ID=80, 846 
add, ID=81, 828 
add, ID=82, 826 
add, ID=83, 920 
add, ID=84, 918 
add, ID=85, 910 
add, ID=86, 821 
add, ID=87, 1 005 
add, ID=88, 1 168 
add, ID=89, 2 911 
add, ID=90, 940 
add, ID=91, 809 
add, ID=92, 829 
add, ID=93, 867 
add, ID=94, 758 
add, ID=95, 868 
add, ID=96, 32 159 
add, ID=97, 882 
add, ID=98, 744 
add, ID=99, 779 
addTotalCount = 100 
addTotalTime = {0}34146 
addMedianTime = {0}341 
remove, ID=99, 4 911 
remove, ID=98, 2 565 
remove, ID=97, 2 183 
remove, ID=96, 2 054 
remove, ID=95, 2 283 
remove, ID=94, 2 302 
remove, ID=93, 3 367 
remove, ID=92, 2 411 
remove, ID=91, 2 650 
remove, ID=90, 2 476 

removeTotalCount = 10 
removeTotalTime = 27 202 
removeMedianTime = 2 720 
Start program: 2022-01-06 23:40:12 
HashMap 
add, ID=0, 2 738 
add, ID=1, 1 822 
add, ID=2, 1 189 
add, ID=3, 1 509 
add, ID=4, 1 307 
add, ID=5, 1 638 
add, ID=6, 2 090 
add, ID=7, 4 529 
add, ID=8, 2 638 
add, ID=9, 1 494 
add, ID=10, 2 985 
add, ID=11, 1 172 
add, ID=12, 1 216 
add, ID=13, 1 448 
add, ID=14, 1 215 
add, ID=15, 1 699 
add, ID=16, 3 236 
add, ID=17, 1 818 
add, ID=18, 1 059 
add, ID=19, 1 190 
add, ID=20, 1 629 
add, ID=21, 1 174 
add, ID=22, 2 567 
add, ID=23, 1 122 
add, ID=24, 1 343 
add, ID=25, 1 139 
add, ID=26, 1 259 
add, ID=27, 1 368 
add, ID=28, 1 279 
add, ID=29, 1 224 
add, ID=30, 1 297 
add, ID=31, 1 384 
add, ID=32, 1 917 
add, ID=33, 1 308 
add, ID=34, 1 202 
add, ID=35, 1 133 
add, ID=36, 1 127 
add, ID=37, 1 293 
add, ID=38, 1 259 
add, ID=39, 1 821 
add, ID=40, 3 000 
add, ID=41, 3 867 
add, ID=42, 2 538 
add, ID=43, 2 741 
add, ID=44, 1 490 
add, ID=45, 3 171 
add, ID=46, 8 303 
add, ID=47, 8 676 
add, ID=48, 21 058 
add, ID=49, 883 
add, ID=50, 3 267 
add, ID=51, 855 
add, ID=52, 903 
add, ID=53, 908 
add, ID=54, 819 
add, ID=55, 909 
add, ID=56, 833 
add, ID=57, 853 
add, ID=58, 805 
add, ID=59, 831 
add, ID=60, 857 
add, ID=61, 777 
add, ID=62, 873 
add, ID=63, 807 
add, ID=64, 1 044 
add, ID=65, 964 
add, ID=66, 1 012 
add, ID=67, 884 
add, ID=68, 834 
add, ID=69, 751 
add, ID=70, 803 
add, ID=71, 956 
add, ID=72, 1 027 
add, ID=73, 836 
add, ID=74, 905 
add, ID=75, 887 
add, ID=76, 832 
add, ID=77, 1 513 
add, ID=78, 976 
add, ID=79, 801 
add, ID=80, 966 
add, ID=81, 1 122 
add, ID=82, 905 
add, ID=83, 810 
add, ID=84, 764 
add, ID=85, 851 
add, ID=86, 778 
add, ID=87, 777 
add, ID=88, 936 
add, ID=89, 1 160 
add, ID=90, 1 095 
add, ID=91, 768 
add, ID=92, 844 
add, ID=93, 1 022 
add, ID=94, 835 
add, ID=95, 896 
add, ID=96, 14 597 
add, ID=97, 935 
add, ID=98, 820 
add, ID=99, 810 
addTotalCount = 100 
addTotalTime = {0}35866 
addMedianTime = {0}358 
remove, ID=99, 4 748 
remove, ID=98, 3 005 
remove, ID=97, 2 211 
remove, ID=96, 1 977 
remove, ID=95, 2 073 
remove, ID=94, 2 007 
remove, ID=93, 2 653 
remove, ID=92, 2 241 
remove, ID=91, 2 159 
remove, ID=90, 2 277 

removeTotalCount = 10 
removeTotalTime = 25 351 
removeMedianTime = 2 535 
Start program: 2022-01-08 16:38:31 
HashMap 
add, ID=0, 1 776 
add, ID=1, 1 199 
add, ID=2, 1 520 
add, ID=3, 1 241 
add, ID=4, 1 195 
add, ID=5, 1 351 
add, ID=6, 1 122 
add, ID=7, 1 048 
add, ID=8, 1 410 
add, ID=9, 1 742 
add, ID=10, 3 816 
add, ID=11, 1 029 
add, ID=12, 3 748 
add, ID=13, 1 351 
add, ID=14, 1 079 
add, ID=15, 1 070 
add, ID=16, 2 462 
add, ID=17, 998 
add, ID=18, 1 015 
add, ID=19, 992 
add, ID=20, 868 
add, ID=21, 737 
add, ID=22, 2 278 
add, ID=23, 805 
add, ID=24, 809 
add, ID=25, 834 
add, ID=26, 818 
add, ID=27, 873 
add, ID=28, 714 
add, ID=29, 790 
add, ID=30, 971 
add, ID=31, 1 157 
add, ID=32, 968 
add, ID=33, 860 
add, ID=34, 1 221 
add, ID=35, 1 178 
add, ID=36, 1 676 
add, ID=37, 1 566 
add, ID=38, 1 569 
add, ID=39, 1 426 
add, ID=40, 1 059 
add, ID=41, 1 050 
add, ID=42, 905 
add, ID=43, 764 
add, ID=44, 967 
add, ID=45, 812 
add, ID=46, 854 
add, ID=47, 750 
add, ID=48, 18 864 
add, ID=49, 830 
add, ID=50, 767 
add, ID=51, 841 
add, ID=52, 668 
add, ID=53, 760 
add, ID=54, 791 
add, ID=55, 1 300 
add, ID=56, 927 
add, ID=57, 810 
add, ID=58, 984 
add, ID=59, 850 
add, ID=60, 1 139 
add, ID=61, 914 
add, ID=62, 907 
add, ID=63, 905 
add, ID=64, 2 284 
add, ID=65, 1 601 
add, ID=66, 1 192 
add, ID=67, 1 055 
add, ID=68, 896 
add, ID=69, 826 
add, ID=70, 879 
add, ID=71, 924 
add, ID=72, 764 
add, ID=73, 759 
add, ID=74, 843 
add, ID=75, 742 
add, ID=76, 783 
add, ID=77, 809 
add, ID=78, 732 
add, ID=79, 1 036 
add, ID=80, 998 
add, ID=81, 867 
add, ID=82, 794 
add, ID=83, 873 
add, ID=84, 897 
add, ID=85, 771 
add, ID=86, 928 
add, ID=87, 844 
add, ID=88, 721 
add, ID=89, 761 
add, ID=90, 723 
add, ID=91, 740 
add, ID=92, 724 
add, ID=93, 731 
add, ID=94, 664 
add, ID=95, 702 
add, ID=96, 11 236 
add, ID=97, 710 
add, ID=98, 650 
add, ID=99, 640 
addTotalCount = 100 
addTotalTime = {0}32295 
addMedianTime = {0}322 
remove, ID=99, 3 657 
remove, ID=98, 2 203 
remove, ID=97, 1 980 
remove, ID=96, 1 956 
remove, ID=95, 2 110 
remove, ID=94, 2 008 
remove, ID=93, 12 204 
remove, ID=92, 2 753 
remove, ID=91, 2 553 
remove, ID=90, 2 384 

removeTotalCount = 10 
removeTotalTime = 33 808 
removeMedianTime = 3 380 
Start program: 2022-01-08 16:41:04 
HashMap 
add, ID=0, 1 814 
add, ID=1, 4 463 
add, ID=2, 4 895 
add, ID=3, 4 194 
add, ID=4, 1 328 
add, ID=5, 812 
add, ID=6, 741 
add, ID=7, 2 334 
add, ID=8, 1 817 
add, ID=9, 2 538 
add, ID=10, 3 081 
add, ID=11, 818 
add, ID=12, 770 
add, ID=13, 645 
add, ID=14, 668 
add, ID=15, 723 
add, ID=16, 1 515 
add, ID=17, 674 
add, ID=18, 651 
add, ID=19, 759 
add, ID=20, 659 
add, ID=21, 860 
add, ID=22, 770 
add, ID=23, 975 
add, ID=24, 950 
add, ID=25, 918 
add, ID=26, 891 
add, ID=27, 734 
add, ID=28, 683 
add, ID=29, 722 
add, ID=30, 695 
add, ID=31, 687 
add, ID=32, 658 
add, ID=33, 843 
add, ID=34, 713 
add, ID=35, 647 
add, ID=36, 808 
add, ID=37, 839 
add, ID=38, 866 
add, ID=39, 786 
add, ID=40, 669 
add, ID=41, 757 
add, ID=42, 685 
add, ID=43, 769 
add, ID=44, 898 
add, ID=45, 753 
add, ID=46, 728 
add, ID=47, 694 
add, ID=48, 4 311 
add, ID=49, 781 
add, ID=50, 634 
add, ID=51, 730 
add, ID=52, 718 
add, ID=53, 1 023 
add, ID=54, 766 
add, ID=55, 742 
add, ID=56, 736 
add, ID=57, 746 
add, ID=58, 764 
add, ID=59, 756 
add, ID=60, 708 
add, ID=61, 761 
add, ID=62, 737 
add, ID=63, 855 
add, ID=64, 919 
add, ID=65, 742 
add, ID=66, 712 
add, ID=67, 754 
add, ID=68, 738 
add, ID=69, 3 096 
add, ID=70, 733 
add, ID=71, 709 
add, ID=72, 667 
add, ID=73, 680 
add, ID=74, 734 
add, ID=75, 676 
add, ID=76, 699 
add, ID=77, 713 
add, ID=78, 656 
add, ID=79, 674 
add, ID=80, 2 182 
add, ID=81, 882 
add, ID=82, 688 
add, ID=83, 697 
add, ID=84, 745 
add, ID=85, 664 
add, ID=86, 750 
add, ID=87, 689 
add, ID=88, 721 
add, ID=89, 741 
add, ID=90, 726 
add, ID=91, 730 
add, ID=92, 757 
add, ID=93, 715 
add, ID=94, 718 
add, ID=95, 728 
add, ID=96, 20 161 
add, ID=97, 814 
add, ID=98, 711 
add, ID=99, 842 
addTotalCount = 100 
addTotalTime = {0}36287 
addMedianTime = {0}362 
remove, ID=99, 3 173 
remove, ID=98, 2 186 
remove, ID=97, 2 043 
remove, ID=96, 1 994 
remove, ID=95, 1 946 
remove, ID=94, 1 925 
remove, ID=93, 2 055 
remove, ID=92, 1 866 
remove, ID=91, 1 893 
remove, ID=90, 1 926 

removeTotalCount = 10 
removeTotalTime = 21 007 
removeMedianTime = 2 100 
Start program: 2022-01-08 16:42:00 
HashMap 
add, ID=0, 1 996 
add, ID=1, 1 126 
add, ID=2, 1 036 
add, ID=3, 1 103 
add, ID=4, 1 090 
add, ID=5, 1 323 
add, ID=6, 1 301 
add, ID=7, 1 495 
add, ID=8, 1 422 
add, ID=9, 2 058 
add, ID=10, 3 291 
add, ID=11, 1 424 
add, ID=12, 1 296 
add, ID=13, 1 435 
add, ID=14, 1 703 
add, ID=15, 1 322 
add, ID=16, 2 485 
add, ID=17, 1 548 
add, ID=18, 1 234 
add, ID=19, 2 963 
add, ID=20, 3 985 
add, ID=21, 1 984 
add, ID=22, 3 193 
add, ID=23, 2 210 
add, ID=24, 4 676 
add, ID=25, 1 808 
add, ID=26, 1 668 
add, ID=27, 1 474 
add, ID=28, 1 165 
add, ID=29, 1 153 
add, ID=30, 3 603 
add, ID=31, 1 504 
add, ID=32, 1 344 
add, ID=33, 1 103 
add, ID=34, 1 077 
add, ID=35, 1 085 
add, ID=36, 1 370 
add, ID=37, 1 334 
add, ID=38, 9 701 
add, ID=39, 7 825 
add, ID=40, 786 
add, ID=41, 775 
add, ID=42, 818 
add, ID=43, 816 
add, ID=44, 784 
add, ID=45, 823 
add, ID=46, 699 
add, ID=47, 831 
add, ID=48, 16 314 
add, ID=49, 789 
add, ID=50, 709 
add, ID=51, 671 
add, ID=52, 723 
add, ID=53, 712 
add, ID=54, 750 
add, ID=55, 850 
add, ID=56, 705 
add, ID=57, 641 
add, ID=58, 703 
add, ID=59, 736 
add, ID=60, 746 
add, ID=61, 3 563 
add, ID=62, 747 
add, ID=63, 693 
add, ID=64, 831 
add, ID=65, 959 
add, ID=66, 957 
add, ID=67, 788 
add, ID=68, 857 
add, ID=69, 1 232 
add, ID=70, 830 
add, ID=71, 1 279 
add, ID=72, 1 010 
add, ID=73, 824 
add, ID=74, 868 
add, ID=75, 893 
add, ID=76, 657 
add, ID=77, 825 
add, ID=78, 811 
add, ID=79, 762 
add, ID=80, 882 
add, ID=81, 987 
add, ID=82, 815 
add, ID=83, 729 
add, ID=84, 830 
add, ID=85, 827 
add, ID=86, 1 191 
add, ID=87, 839 
add, ID=88, 944 
add, ID=89, 934 
add, ID=90, 873 
add, ID=91, 887 
add, ID=92, 912 
add, ID=93, 1 236 
add, ID=94, 853 
add, ID=95, 747 
add, ID=96, 32 873 
add, ID=97, 865 
add, ID=98, 772 
add, ID=99, 1 324 
addTotalCount = 100 
addTotalTime = {0}29795 
addMedianTime = {0}297 
remove, ID=99, 3 542 
remove, ID=98, 2 466 
remove, ID=97, 2 373 
remove, ID=96, 2 475 
remove, ID=95, 2 384 
remove, ID=94, 2 410 
remove, ID=93, 2 710 
remove, ID=92, 2 444 
remove, ID=91, 3 209 
remove, ID=90, 3 443 

removeTotalCount = 10 
removeTotalTime = 27 456 
removeMedianTime = 2 745 
Start program: 2022-01-08 16:43:18 
HashMap 
add, ID=0, 6 187 
add, ID=1, 2 876 
add, ID=2, 10 925 
add, ID=3, 3 392 
add, ID=4, 1 736 
add, ID=5, 1 899 
add, ID=6, 1 604 
add, ID=7, 2 521 
add, ID=8, 10 084 
add, ID=9, 3 285 
add, ID=10, 4 596 
add, ID=11, 1 671 
add, ID=12, 1 629 
add, ID=13, 1 347 
add, ID=14, 1 421 
add, ID=15, 1 392 
add, ID=16, 4 556 
add, ID=17, 1 482 
add, ID=18, 1 345 
add, ID=19, 1 302 
add, ID=20, 1 542 
add, ID=21, 1 229 
add, ID=22, 2 550 
add, ID=23, 1 276 
add, ID=24, 1 237 
add, ID=25, 1 176 
add, ID=26, 1 023 
add, ID=27, 1 281 
add, ID=28, 1 231 
add, ID=29, 1 202 
add, ID=30, 1 110 
add, ID=31, 1 235 
add, ID=32, 2 189 
add, ID=33, 1 475 
add, ID=34, 1 381 
add, ID=35, 1 953 
add, ID=36, 1 634 
add, ID=37, 2 257 
add, ID=38, 5 112 
add, ID=39, 2 130 
add, ID=40, 1 369 
add, ID=41, 1 143 
add, ID=42, 1 152 
add, ID=43, 1 072 
add, ID=44, 2 077 
add, ID=45, 1 945 
add, ID=46, 5 897 
add, ID=47, 8 291 
add, ID=48, 118 235 
add, ID=49, 3 125 
add, ID=50, 1 560 
add, ID=51, 10 183 
add, ID=52, 8 727 
add, ID=53, 945 
add, ID=54, 1 038 
add, ID=55, 1 122 
add, ID=56, 1 055 
add, ID=57, 1 345 
add, ID=58, 1 492 
add, ID=59, 1 070 
add, ID=60, 894 
add, ID=61, 888 
add, ID=62, 780 
add, ID=63, 709 
add, ID=64, 809 
add, ID=65, 1 002 
add, ID=66, 849 
add, ID=67, 780 
add, ID=68, 861 
add, ID=69, 758 
add, ID=70, 889 
add, ID=71, 821 
add, ID=72, 678 
add, ID=73, 805 
add, ID=74, 643 
add, ID=75, 721 
add, ID=76, 3 162 
add, ID=77, 762 
add, ID=78, 763 
add, ID=79, 782 
add, ID=80, 766 
add, ID=81, 855 
add, ID=82, 876 
add, ID=83, 770 
add, ID=84, 761 
add, ID=85, 777 
add, ID=86, 738 
add, ID=87, 812 
add, ID=88, 855 
add, ID=89, 690 
add, ID=90, 738 
add, ID=91, 694 
add, ID=92, 756 
add, ID=93, 766 
add, ID=94, 783 
add, ID=95, 732 
add, ID=96, 11 031 
add, ID=97, 713 
add, ID=98, 706 
add, ID=99, 769 
addTotalCount = 100 
addTotalTime = {0}41659 
addMedianTime = {0}416 
remove, ID=99, 3 882 
remove, ID=98, 2 596 
remove, ID=97, 2 697 
remove, ID=96, 2 796 
remove, ID=95, 2 483 
remove, ID=94, 2 740 
remove, ID=93, 2 459 
remove, ID=92, 2 336 
remove, ID=91, 2 344 
remove, ID=90, 2 361 

removeTotalCount = 10 
removeTotalTime = 26 694 
removeMedianTime = 2 669 
Start program: 2022-01-08 16:47:53 
HashMap 
add, ID=0, 1 341 
add, ID=1, 946 
add, ID=2, 906 
add, ID=3, 763 
add, ID=4, 781 
add, ID=5, 1 080 
add, ID=6, 1 001 
add, ID=7, 923 
add, ID=8, 988 
add, ID=9, 774 
add, ID=10, 2 744 
add, ID=11, 843 
add, ID=12, 954 
add, ID=13, 957 
add, ID=14, 856 
add, ID=15, 839 
add, ID=16, 1 910 
add, ID=17, 856 
add, ID=18, 856 
add, ID=19, 831 
add, ID=20, 893 
add, ID=21, 682 
add, ID=22, 784 
add, ID=23, 844 
add, ID=24, 910 
add, ID=25, 796 
add, ID=26, 698 
add, ID=27, 757 
add, ID=28, 762 
add, ID=29, 762 
add, ID=30, 759 
add, ID=31, 940 
add, ID=32, 919 
add, ID=33, 784 
add, ID=34, 943 
add, ID=35, 760 
add, ID=36, 856 
add, ID=37, 1 029 
add, ID=38, 1 213 
add, ID=39, 926 
add, ID=40, 775 
add, ID=41, 1 059 
add, ID=42, 847 
add, ID=43, 820 
add, ID=44, 832 
add, ID=45, 883 
add, ID=46, 896 
add, ID=47, 921 
add, ID=48, 16 512 
add, ID=49, 999 
add, ID=50, 744 
add, ID=51, 3 133 
add, ID=52, 712 
add, ID=53, 863 
add, ID=54, 741 
add, ID=55, 862 
add, ID=56, 681 
add, ID=57, 640 
add, ID=58, 665 
add, ID=59, 595 
add, ID=60, 622 
add, ID=61, 936 
add, ID=62, 819 
add, ID=63, 726 
add, ID=64, 706 
add, ID=65, 819 
add, ID=66, 762 
add, ID=67, 827 
add, ID=68, 999 
add, ID=69, 871 
add, ID=70, 708 
add, ID=71, 1 044 
add, ID=72, 901 
add, ID=73, 1 030 
add, ID=74, 966 
add, ID=75, 807 
add, ID=76, 944 
add, ID=77, 1 201 
add, ID=78, 2 684 
add, ID=79, 2 256 
add, ID=80, 1 579 
add, ID=81, 911 
add, ID=82, 941 
add, ID=83, 902 
add, ID=84, 922 
add, ID=85, 834 
add, ID=86, 819 
add, ID=87, 888 
add, ID=88, 1 838 
add, ID=89, 1 388 
add, ID=90, 1 280 
add, ID=91, 4 987 
add, ID=92, 12 256 
add, ID=93, 9 883 
add, ID=94, 1 824 
add, ID=95, 846 
add, ID=96, 35 408 
add, ID=97, 771 
add, ID=98, 910 
add, ID=99, 909 
addTotalCount = 100 
addTotalTime = {0}40048 
addMedianTime = {0}400 
remove, ID=99, 9 312 
remove, ID=98, 5 624 
remove, ID=97, 3 276 
remove, ID=96, 3 476 
remove, ID=95, 3 034 
remove, ID=94, 4 118 
remove, ID=93, 2 446 
remove, ID=92, 2 374 
remove, ID=91, 2 051 
remove, ID=90, 2 166 

removeTotalCount = 10 
removeTotalTime = 37 877 
removeMedianTime = 3 787 
Start program: 2022-01-08 16:49:03 
HashMap 
add, ID=0, 2 694 
add, ID=1, 2 203 
add, ID=2, 1 393 
add, ID=3, 1 483 
add, ID=4, 1 568 
add, ID=5, 1 709 
add, ID=6, 1 865 
add, ID=7, 2 862 
add, ID=8, 2 135 
add, ID=9, 1 993 
add, ID=10, 4 395 
add, ID=11, 1 361 
add, ID=12, 1 111 
add, ID=13, 1 193 
add, ID=14, 1 596 
add, ID=15, 1 251 
add, ID=16, 2 335 
add, ID=17, 1 313 
add, ID=18, 1 484 
add, ID=19, 1 925 
add, ID=20, 1 128 
add, ID=21, 1 139 
add, ID=22, 2 512 
add, ID=23, 1 287 
add, ID=24, 1 155 
add, ID=25, 1 156 
add, ID=26, 1 204 
add, ID=27, 1 145 
add, ID=28, 1 143 
add, ID=29, 1 478 
add, ID=30, 1 142 
add, ID=31, 1 525 
add, ID=32, 1 675 
add, ID=33, 1 562 
add, ID=34, 1 226 
add, ID=35, 1 266 
add, ID=36, 1 490 
add, ID=37, 1 574 
add, ID=38, 2 110 
add, ID=39, 1 564 
add, ID=40, 1 426 
add, ID=41, 1 488 
add, ID=42, 1 256 
add, ID=43, 1 241 
add, ID=44, 1 112 
add, ID=45, 2 138 
add, ID=46, 23 007 
add, ID=47, 27 052 
add, ID=48, 87 019 
add, ID=49, 1 830 
add, ID=50, 1 344 
add, ID=51, 1 132 
add, ID=52, 1 091 
add, ID=53, 984 
add, ID=54, 1 093 
add, ID=55, 905 
add, ID=56, 897 
add, ID=57, 799 
add, ID=58, 755 
add, ID=59, 851 
add, ID=60, 746 
add, ID=61, 751 
add, ID=62, 725 
add, ID=63, 705 
add, ID=64, 1 001 
add, ID=65, 1 273 
add, ID=66, 930 
add, ID=67, 929 
add, ID=68, 1 081 
add, ID=69, 1 482 
add, ID=70, 900 
add, ID=71, 1 130 
add, ID=72, 1 663 
add, ID=73, 1 042 
add, ID=74, 815 
add, ID=75, 758 
add, ID=76, 770 
add, ID=77, 816 
add, ID=78, 793 
add, ID=79, 867 
add, ID=80, 931 
add, ID=81, 839 
add, ID=82, 875 
add, ID=83, 1 215 
add, ID=84, 877 
add, ID=85, 983 
add, ID=86, 808 
add, ID=87, 788 
add, ID=88, 866 
add, ID=89, 822 
add, ID=90, 1 281 
add, ID=91, 981 
add, ID=92, 983 
add, ID=93, 962 
add, ID=94, 1 003 
add, ID=95, 1 248 
add, ID=96, 11 879 
add, ID=97, 827 
add, ID=98, 826 
add, ID=99, 856 
addTotalCount = 100 
addTotalTime = {0}38658 
addMedianTime = {0}386 
remove, ID=99, 4 046 
remove, ID=98, 3 920 
remove, ID=97, 3 056 
remove, ID=96, 2 538 
remove, ID=95, 2 276 
remove, ID=94, 2 312 
remove, ID=93, 2 349 
remove, ID=92, 2 444 
remove, ID=91, 2 615 
remove, ID=90, 2 499 

removeTotalCount = 10 
removeTotalTime = 28 055 
removeMedianTime = 2 805 
Start program: 2022-01-08 16:49:58 
HashMap 
add, ID=0, 1 317 
add, ID=1, 1 035 
add, ID=2, 821 
add, ID=3, 837 
add, ID=4, 855 
add, ID=5, 5 444 
add, ID=6, 1 216 
add, ID=7, 999 
add, ID=8, 991 
add, ID=9, 1 037 
add, ID=10, 2 575 
add, ID=11, 775 
add, ID=12, 906 
add, ID=13, 753 
add, ID=14, 750 
add, ID=15, 837 
add, ID=16, 2 978 
add, ID=17, 814 
add, ID=18, 756 
add, ID=19, 872 
add, ID=20, 805 
add, ID=21, 789 
add, ID=22, 788 
add, ID=23, 808 
add, ID=24, 786 
add, ID=25, 825 
add, ID=26, 790 
add, ID=27, 682 
add, ID=28, 930 
add, ID=29, 880 
add, ID=30, 844 
add, ID=31, 1 207 
add, ID=32, 1 086 
add, ID=33, 860 
add, ID=34, 1 012 
add, ID=35, 3 415 
add, ID=36, 997 
add, ID=37, 1 055 
add, ID=38, 1 032 
add, ID=39, 897 
add, ID=40, 906 
add, ID=41, 891 
add, ID=42, 842 
add, ID=43, 798 
add, ID=44, 964 
add, ID=45, 1 029 
add, ID=46, 925 
add, ID=47, 935 
add, ID=48, 19 242 
add, ID=49, 823 
add, ID=50, 848 
add, ID=51, 842 
add, ID=52, 735 
add, ID=53, 814 
add, ID=54, 761 
add, ID=55, 843 
add, ID=56, 889 
add, ID=57, 891 
add, ID=58, 856 
add, ID=59, 973 
add, ID=60, 964 
add, ID=61, 741 
add, ID=62, 2 408 
add, ID=63, 5 630 
add, ID=64, 2 032 
add, ID=65, 8 195 
add, ID=66, 12 806 
add, ID=67, 4 009 
add, ID=68, 1 273 
add, ID=69, 1 152 
add, ID=70, 836 
add, ID=71, 1 127 
add, ID=72, 888 
add, ID=73, 939 
add, ID=74, 951 
add, ID=75, 914 
add, ID=76, 1 095 
add, ID=77, 972 
add, ID=78, 4 407 
add, ID=79, 892 
add, ID=80, 800 
add, ID=81, 775 
add, ID=82, 867 
add, ID=83, 3 019 
add, ID=84, 1 819 
add, ID=85, 1 404 
add, ID=86, 1 505 
add, ID=87, 1 448 
add, ID=88, 1 162 
add, ID=89, 917 
add, ID=90, 983 
add, ID=91, 1 081 
add, ID=92, 881 
add, ID=93, 871 
add, ID=94, 818 
add, ID=95, 749 
add, ID=96, 14 467 
add, ID=97, 848 
add, ID=98, 919 
add, ID=99, 857 
addTotalCount = 100 
addTotalTime = {0}34972 
addMedianTime = {0}349 
remove, ID=99, 3 859 
remove, ID=98, 3 092 
remove, ID=97, 2 476 
remove, ID=96, 2 412 
remove, ID=95, 2 400 
remove, ID=94, 2 268 
remove, ID=93, 2 447 
remove, ID=92, 2 261 
remove, ID=91, 2 194 
remove, ID=90, 2 262 

removeTotalCount = 10 
removeTotalTime = 25 671 
removeMedianTime = 2 567 
Start program: 2022-01-08 17:02:11 
HashMap 
add, ID=0, 1 651 
add, ID=1, 1 151 
add, ID=2, 1 073 
add, ID=3, 1 073 
add, ID=4, 1 047 
add, ID=5, 1 055 
add, ID=6, 1 055 
add, ID=7, 1 010 
add, ID=8, 1 090 
add, ID=9, 1 124 
add, ID=10, 2 476 
add, ID=11, 1 107 
add, ID=12, 1 054 
add, ID=13, 1 078 
add, ID=14, 1 125 
add, ID=15, 986 
add, ID=16, 1 707 
add, ID=17, 1 161 
add, ID=18, 1 064 
add, ID=19, 1 227 
add, ID=20, 1 236 
add, ID=21, 1 064 
add, ID=22, 1 011 
add, ID=23, 1 212 
add, ID=24, 1 033 
add, ID=25, 1 059 
add, ID=26, 3 406 
add, ID=27, 967 
add, ID=28, 961 
add, ID=29, 1 248 
add, ID=30, 1 092 
add, ID=31, 1 106 
add, ID=32, 1 549 
add, ID=33, 1 447 
add, ID=34, 1 402 
add, ID=35, 1 602 
add, ID=36, 1 288 
add, ID=37, 1 303 
add, ID=38, 1 518 
add, ID=39, 1 159 
add, ID=40, 1 312 
add, ID=41, 1 087 
add, ID=42, 971 
add, ID=43, 1 086 
add, ID=44, 1 340 
add, ID=45, 1 291 
add, ID=46, 1 101 
add, ID=47, 1 170 
add, ID=48, 19 871 
add, ID=49, 1 138 
add, ID=50, 1 359 
add, ID=51, 1 107 
add, ID=52, 9 298 
add, ID=53, 8 720 
add, ID=54, 946 
add, ID=55, 883 
add, ID=56, 3 453 
add, ID=57, 1 866 
add, ID=58, 3 133 
add, ID=59, 4 434 
add, ID=60, 3 839 
add, ID=61, 3 714 
add, ID=62, 3 089 
add, ID=63, 4 096 
add, ID=64, 1 358 
add, ID=65, 1 611 
add, ID=66, 3 604 
add, ID=67, 1 960 
add, ID=68, 5 063 
add, ID=69, 4 260 
add, ID=70, 8 200 
add, ID=71, 1 791 
add, ID=72, 1 586 
add, ID=73, 1 413 
add, ID=74, 1 180 
add, ID=75, 969 
add, ID=76, 935 
add, ID=77, 863 
add, ID=78, 4 846 
add, ID=79, 1 350 
add, ID=80, 1 518 
add, ID=81, 1 243 
add, ID=82, 1 048 
add, ID=83, 1 175 
add, ID=84, 1 792 
add, ID=85, 1 799 
add, ID=86, 3 387 
add, ID=87, 4 114 
add, ID=88, 4 996 
add, ID=89, 4 999 
add, ID=90, 4 251 
add, ID=91, 996 
add, ID=92, 1 579 
add, ID=93, 1 178 
add, ID=94, 2 170 
add, ID=95, 847 
add, ID=96, 13 538 
add, ID=97, 864 
add, ID=98, 760 
add, ID=99, 1 612 
addTotalCount = 100 
addTotalTime = {0}45747 
addMedianTime = {0}457 
remove, ID=99, 9 371 
remove, ID=98, 4 227 
remove, ID=97, 2 278 
remove, ID=96, 2 037 
remove, ID=95, 2 030 
remove, ID=94, 2 000 
remove, ID=93, 2 742 
remove, ID=92, 2 751 
remove, ID=91, 2 139 
remove, ID=90, 2 206 

removeTotalCount = 10 
removeTotalTime = 31 781 
removeMedianTime = 3 178 
Start program: 2022-01-08 17:05:23 
HashMap 
add, ID=0, 1 598 
add, ID=1, 1 307 
add, ID=2, 1 168 
add, ID=3, 1 243 
add, ID=4, 1 111 
add, ID=5, 1 084 
add, ID=6, 1 243 
add, ID=7, 1 303 
add, ID=8, 1 869 
add, ID=9, 1 352 
add, ID=10, 3 013 
add, ID=11, 1 168 
add, ID=12, 12 670 
add, ID=13, 8 436 
add, ID=14, 984 
add, ID=15, 981 
add, ID=16, 2 005 
add, ID=17, 798 
add, ID=18, 796 
add, ID=19, 799 
add, ID=20, 793 
add, ID=21, 791 
add, ID=22, 826 
add, ID=23, 756 
add, ID=24, 810 
add, ID=25, 829 
add, ID=26, 697 
add, ID=27, 799 
add, ID=28, 774 
add, ID=29, 745 
add, ID=30, 868 
add, ID=31, 1 297 
add, ID=32, 1 159 
add, ID=33, 934 
add, ID=34, 1 094 
add, ID=35, 1 086 
add, ID=36, 1 205 
add, ID=37, 948 
add, ID=38, 1 484 
add, ID=39, 914 
add, ID=40, 909 
add, ID=41, 880 
add, ID=42, 692 
add, ID=43, 698 
add, ID=44, 766 
add, ID=45, 894 
add, ID=46, 958 
add, ID=47, 880 
add, ID=48, 18 466 
add, ID=49, 773 
add, ID=50, 720 
add, ID=51, 943 
add, ID=52, 760 
add, ID=53, 1 023 
add, ID=54, 914 
add, ID=55, 889 
add, ID=56, 782 
add, ID=57, 835 
add, ID=58, 685 
add, ID=59, 684 
add, ID=60, 716 
add, ID=61, 763 
add, ID=62, 737 
add, ID=63, 752 
add, ID=64, 922 
add, ID=65, 897 
add, ID=66, 875 
add, ID=67, 862 
add, ID=68, 884 
add, ID=69, 1 266 
add, ID=70, 810 
add, ID=71, 866 
add, ID=72, 863 
add, ID=73, 1 498 
add, ID=74, 1 254 
add, ID=75, 1 252 
add, ID=76, 942 
add, ID=77, 1 005 
add, ID=78, 819 
add, ID=79, 781 
add, ID=80, 815 
add, ID=81, 760 
add, ID=82, 988 
add, ID=83, 711 
add, ID=84, 1 057 
add, ID=85, 1 118 
add, ID=86, 889 
add, ID=87, 847 
add, ID=88, 930 
add, ID=89, 797 
add, ID=90, 843 
add, ID=91, 907 
add, ID=92, 1 012 
add, ID=93, 1 874 
add, ID=94, 8 184 
add, ID=95, 5 034 
add, ID=96, 56 816 
add, ID=97, 4 400 
add, ID=98, 4 750 
add, ID=99, 3 382 
addTotalCount = 100 
addTotalTime = {0}41389 
addMedianTime = {0}413 
remove, ID=99, 6 633 
remove, ID=98, 2 880 
remove, ID=97, 2 353 
remove, ID=96, 2 239 
remove, ID=95, 2 272 
remove, ID=94, 2 351 
remove, ID=93, 2 262 
remove, ID=92, 2 336 
remove, ID=91, 2 300 
remove, ID=90, 2 288 

removeTotalCount = 10 
removeTotalTime = 27 914 
removeMedianTime = 2 791 
